0 info it worked if it ends with ok
1 verbose cli [ 'node', '/usr/bin/npm', 'install', 'libpq-dev' ]
2 info using npm@1.3.6
3 info using node@v0.10.48
4 warn package.json callsite@1.0.0 No repository field.
5 warn package.json defer-to-connect@1.0.1 No repository field.
6 warn package.json has-binary2@1.0.3 No repository field.
7 warn package.json indexof@0.0.1 No repository field.
8 warn package.json object-component@0.0.3 No repository field.
9 verbose cache add [ 'libpq-dev', null ]
10 verbose cache add name=undefined spec="libpq-dev" args=["libpq-dev",null]
11 verbose parsed url { protocol: null,
11 verbose parsed url   slashes: null,
11 verbose parsed url   auth: null,
11 verbose parsed url   host: null,
11 verbose parsed url   port: null,
11 verbose parsed url   hostname: null,
11 verbose parsed url   hash: null,
11 verbose parsed url   search: null,
11 verbose parsed url   query: null,
11 verbose parsed url   pathname: 'libpq-dev',
11 verbose parsed url   path: 'libpq-dev',
11 verbose parsed url   href: 'libpq-dev' }
12 silly lockFile a88ecbdd-libpq-dev libpq-dev
13 verbose lock libpq-dev /root/.npm/a88ecbdd-libpq-dev.lock
14 silly lockFile a88ecbdd-libpq-dev libpq-dev
15 silly lockFile a88ecbdd-libpq-dev libpq-dev
16 verbose addNamed [ 'libpq-dev', '' ]
17 verbose addNamed [ null, '*' ]
18 silly lockFile bd065c07-libpq-dev libpq-dev@
19 verbose lock libpq-dev@ /root/.npm/bd065c07-libpq-dev.lock
20 silly addNameRange { name: 'libpq-dev', range: '*', hasData: false }
21 verbose url raw libpq-dev
22 verbose url resolving [ 'https://registry.npmjs.org/', './libpq-dev' ]
23 verbose url resolved https://registry.npmjs.org/libpq-dev
24 info trying registry request attempt 1 at 09:10:47
25 http GET https://registry.npmjs.org/libpq-dev
26 info retry will retry, error on last attempt: Error: UNABLE_TO_GET_ISSUER_CERT_LOCALLY
27 info trying registry request attempt 2 at 09:10:57
28 http GET https://registry.npmjs.org/libpq-dev
29 info retry will retry, error on last attempt: Error: UNABLE_TO_GET_ISSUER_CERT_LOCALLY
30 info trying registry request attempt 3 at 09:11:57
31 http GET https://registry.npmjs.org/libpq-dev
32 silly lockFile bd065c07-libpq-dev libpq-dev@
33 silly lockFile bd065c07-libpq-dev libpq-dev@
34 error Error: UNABLE_TO_GET_ISSUER_CERT_LOCALLY
34 error     at SecurePair.<anonymous> (tls.js:1430:32)
34 error     at SecurePair.emit (events.js:92:17)
34 error     at SecurePair.maybeInitFinished (tls.js:1029:10)
34 error     at CleartextStream.read [as _read] (tls.js:521:13)
34 error     at CleartextStream.Readable.read (_stream_readable.js:341:10)
34 error     at EncryptedStream.write [as _write] (tls.js:418:25)
34 error     at doWrite (_stream_writable.js:226:10)
34 error     at writeOrBuffer (_stream_writable.js:216:5)
34 error     at EncryptedStream.Writable.write (_stream_writable.js:183:11)
34 error     at write (_stream_readable.js:602:24)
34 error     at flow (_stream_readable.js:611:7)
34 error     at Socket.pipeOnReadable (_stream_readable.js:643:5)
35 error If you need help, you may report this log at:
35 error     <http://github.com/isaacs/npm/issues>
35 error or email it to:
35 error     <npm-@googlegroups.com>
36 error System Linux 4.14.77-70.59.amzn1.x86_64
37 error command "node" "/usr/bin/npm" "install" "libpq-dev"
38 error cwd /home/ec2-user/environment/inventos_app
39 error node -v v0.10.48
40 error npm -v 1.3.6
41 verbose exit [ 1, true ]
